<?xml version="1.0" encoding="UTF-8"?>
<!-- Generated by org.testng.reporters.JUnitReportReporter -->
<testsuite hostname="Arun" failures="0" tests="2" name="TestPrac.copy.day1" time="0.014" errors="0" timestamp="2024-09-11T19:23:10 IST" skipped="0">
  <testcase classname="TestPrac.copy.day1" name="carLoanWeb" time="0.011"/>
  <system-out/>
  <testcase classname="TestPrac.copy.day1" name="carLoanzzz" time="0.003"/>
  <system-out/>
</testsuite> <!-- TestPrac.copy.day1 -->
