<?xml version="1.0" encoding="UTF-8"?>
<!-- Generated by org.testng.reporters.JUnitReportReporter -->
<testsuite hostname="Arun" failures="0" tests="2" name="TestPrac.day3" time="0.006" errors="0" timestamp="2024-09-10T20:00:22 IST" skipped="0">
  <testcase classname="TestPrac.day3" name="HomeLoanAppium" time="0.002"/>
  <system-out/>
  <testcase classname="TestPrac.day3" name="HomeLoanOtr" time="0.004"/>
  <system-out/>
</testsuite> <!-- TestPrac.day3 -->
