<?xml version="1.0" encoding="UTF-8"?>
<!-- Generated by org.testng.reporters.JUnitReportReporter -->
<testsuite hostname="Arun" failures="0" tests="2" name="TestPrac.day1" time="0.105" errors="0" timestamp="2024-12-12T19:24:41 IST" skipped="0">
  <testcase classname="TestPrac.day1" name="carLoanApi" time="0.095"/>
  <system-out/>
  <testcase classname="TestPrac.day1" name="carLoanWeb" time="0.010"/>
  <system-out/>
</testsuite> <!-- TestPrac.day1 -->
