<?xml version="1.0" encoding="UTF-8"?>
<!-- Generated by org.testng.reporters.JUnitReportReporter -->
<testsuite hostname="Arun" failures="0" tests="2" name="TestPrac.copy.day3" time="0.003" errors="0" timestamp="2024-09-11T18:57:51 IST" skipped="0">
  <testcase classname="TestPrac.copy.day3" name="HomeLoanOtr" time="0.001"/>
  <system-out/>
  <testcase classname="TestPrac.copy.day3" name="HomeLoanAppium" time="0.002"/>
  <system-out/>
</testsuite> <!-- TestPrac.copy.day3 -->
