<?xml version="1.0" encoding="UTF-8"?>
<!-- Generated by org.testng.reporters.JUnitReportReporter -->
<testsuite hostname="Arun" failures="0" tests="2" name="TestPrac.day2" time="0.065" errors="0" timestamp="2024-09-10T20:00:22 IST" skipped="0">
  <testcase classname="TestPrac.day2" name="carLoanAppium" time="0.053"/>
  <system-out/>
  <testcase classname="TestPrac.day2" name="carLoanOtr" time="0.012"/>
  <system-out/>
</testsuite> <!-- TestPrac.day2 -->
