<?xml version="1.0" encoding="UTF-8"?>
<!-- Generated by org.testng.reporters.JUnitReportReporter -->
<testsuite hostname="Arun" failures="0" tests="2" name="TestPrac.day4" time="0.007" errors="0" timestamp="2024-09-10T20:00:22 IST" skipped="0">
  <testcase classname="TestPrac.day4" name="HomeLoanWeb" time="0.003"/>
  <system-out/>
  <testcase classname="TestPrac.day4" name="HomeLoanApi" time="0.004"/>
  <system-out/>
</testsuite> <!-- TestPrac.day4 -->
