<?xml version="1.0" encoding="UTF-8"?>
<!-- Generated by org.testng.reporters.JUnitReportReporter -->
<testsuite hostname="Arun" failures="0" tests="2" name="TestPrac.copy.day2" time="0.005" errors="0" timestamp="2024-09-11T19:23:10 IST" skipped="0">
  <testcase classname="TestPrac.copy.day2" name="carLoanAppium" time="0.003"/>
  <system-out/>
  <testcase classname="TestPrac.copy.day2" name="carLoanOtr" time="0.002"/>
  <system-out/>
</testsuite> <!-- TestPrac.copy.day2 -->
