<?xml version="1.0" encoding="UTF-8"?>
<!-- Generated by org.testng.reporters.JUnitReportReporter -->
<testsuite hostname="Arun" failures="0" tests="1" name="XMLPrac.xmlDummy" time="1.091" errors="0" timestamp="2024-10-21T19:45:54 IST" skipped="0">
  <testcase classname="XMLPrac.xmlDummy" name="dummy" time="1.091"/>
  <system-out/>
</testsuite> <!-- XMLPrac.xmlDummy -->
